[2024-12-25 15:09:20.922] [27901] [HailoRT] [info] [device.cpp:51] [Device] OS Version: Linux 6.6.62+rpt-rpi-2712 #1 SMP PREEMPT Debian 1:6.6.62-1+rpt1 (2024-11-25) aarch64
[2024-12-25 15:09:20.924] [27901] [HailoRT] [info] [control.cpp:109] [control__parse_identify_results] firmware_version is: 4.19.0
[2024-12-25 15:09:20.925] [27901] [HailoRT] [info] [control.cpp:109] [control__parse_identify_results] firmware_version is: 4.19.0
[2024-12-25 15:18:43.125] [29730] [HailoRT] [info] [device.cpp:51] [Device] OS Version: Linux 6.6.62+rpt-rpi-2712 #1 SMP PREEMPT Debian 1:6.6.62-1+rpt1 (2024-11-25) aarch64
[2024-12-25 15:18:43.129] [29730] [HailoRT] [info] [control.cpp:109] [control__parse_identify_results] firmware_version is: 4.19.0
[2024-12-25 15:18:43.131] [29730] [HailoRT] [info] [control.cpp:109] [control__parse_identify_results] firmware_version is: 4.19.0
[2024-12-25 15:18:43.276] [29693] [HailoRT] [info] [device.cpp:51] [Device] OS Version: Linux 6.6.62+rpt-rpi-2712 #1 SMP PREEMPT Debian 1:6.6.62-1+rpt1 (2024-11-25) aarch64
[2024-12-25 15:18:43.278] [29693] [HailoRT] [info] [control.cpp:109] [control__parse_identify_results] firmware_version is: 4.19.0
[2024-12-25 15:18:43.278] [29693] [HailoRT] [info] [vdevice.cpp:655] [create] VDevice Infos: 0000:01:00.0
[2024-12-25 15:18:43.280] [29693] [HailoRT] [error] [file_utils.cpp:40] [read_binary_file] CHECK failed - Error opening file /home/zahi/new/RoboChess/hailo-rpi5-examples-main/hailo_apps_infra/../resources/yolov8m.hef
[2024-12-25 15:18:43.282] [29693] [HailoRT] [error] [hef.cpp:484] [parse_hef_file] CHECK_SUCCESS failed with status=HAILO_OPEN_FILE_FAILURE(13)
[2024-12-25 15:18:43.282] [29693] [HailoRT] [error] [hef.cpp:921] [Impl] Failed parsing HEF file
[2024-12-25 15:18:43.282] [29693] [HailoRT] [error] [hef.cpp:307] [create] Failed creating HEF
[2024-12-25 15:18:43.282] [29693] [HailoRT] [error] [hef.cpp:163] [create] CHECK_SUCCESS failed with status=HAILO_OPEN_FILE_FAILURE(13)
[2024-12-25 15:18:43.282] [29693] [HailoRT] [error] [infer_model.cpp:206] [create] CHECK_SUCCESS failed with status=HAILO_OPEN_FILE_FAILURE(13)
[2024-12-25 15:18:43.283] [29693] [HailoRT] [error] [vdevice.cpp:771] [create_infer_model] CHECK_SUCCESS failed with status=HAILO_OPEN_FILE_FAILURE(13)
[2024-12-25 15:19:13.459] [29858] [HailoRT] [info] [device.cpp:51] [Device] OS Version: Linux 6.6.62+rpt-rpi-2712 #1 SMP PREEMPT Debian 1:6.6.62-1+rpt1 (2024-11-25) aarch64
[2024-12-25 15:19:13.461] [29858] [HailoRT] [info] [control.cpp:109] [control__parse_identify_results] firmware_version is: 4.19.0
[2024-12-25 15:19:13.462] [29858] [HailoRT] [info] [control.cpp:109] [control__parse_identify_results] firmware_version is: 4.19.0
[2024-12-25 15:20:17.046] [30190] [HailoRT] [info] [device.cpp:51] [Device] OS Version: Linux 6.6.62+rpt-rpi-2712 #1 SMP PREEMPT Debian 1:6.6.62-1+rpt1 (2024-11-25) aarch64
[2024-12-25 15:20:17.062] [30190] [HailoRT] [info] [control.cpp:109] [control__parse_identify_results] firmware_version is: 4.19.0
[2024-12-25 15:20:17.070] [30190] [HailoRT] [info] [control.cpp:109] [control__parse_identify_results] firmware_version is: 4.19.0
[2024-12-25 15:21:55.063] [30485] [HailoRT] [info] [device.cpp:51] [Device] OS Version: Linux 6.6.62+rpt-rpi-2712 #1 SMP PREEMPT Debian 1:6.6.62-1+rpt1 (2024-11-25) aarch64
[2024-12-25 15:21:55.065] [30485] [HailoRT] [info] [control.cpp:109] [control__parse_identify_results] firmware_version is: 4.19.0
[2024-12-25 15:21:55.066] [30485] [HailoRT] [info] [control.cpp:109] [control__parse_identify_results] firmware_version is: 4.19.0
[2024-12-25 15:22:24.378] [30619] [HailoRT] [info] [device.cpp:51] [Device] OS Version: Linux 6.6.62+rpt-rpi-2712 #1 SMP PREEMPT Debian 1:6.6.62-1+rpt1 (2024-11-25) aarch64
[2024-12-25 15:22:24.380] [30619] [HailoRT] [info] [control.cpp:109] [control__parse_identify_results] firmware_version is: 4.19.0
[2024-12-25 15:22:24.381] [30619] [HailoRT] [info] [control.cpp:109] [control__parse_identify_results] firmware_version is: 4.19.0
<<<<<<< Updated upstream
=======
[2024-12-25 15:28:28.899] [31874] [HailoRT] [info] [device.cpp:51] [Device] OS Version: Linux 6.6.62+rpt-rpi-2712 #1 SMP PREEMPT Debian 1:6.6.62-1+rpt1 (2024-11-25) aarch64
[2024-12-25 15:28:28.901] [31874] [HailoRT] [info] [control.cpp:109] [control__parse_identify_results] firmware_version is: 4.19.0
[2024-12-25 15:28:28.904] [31874] [HailoRT] [info] [control.cpp:109] [control__parse_identify_results] firmware_version is: 4.19.0
[2024-12-25 15:34:18.010] [32414] [HailoRT] [info] [device.cpp:51] [Device] OS Version: Linux 6.6.62+rpt-rpi-2712 #1 SMP PREEMPT Debian 1:6.6.62-1+rpt1 (2024-11-25) aarch64
[2024-12-25 15:34:18.013] [32414] [HailoRT] [info] [control.cpp:109] [control__parse_identify_results] firmware_version is: 4.19.0
[2024-12-25 15:34:18.015] [32414] [HailoRT] [info] [control.cpp:109] [control__parse_identify_results] firmware_version is: 4.19.0
[2024-12-25 15:37:35.360] [32739] [HailoRT] [info] [device.cpp:51] [Device] OS Version: Linux 6.6.62+rpt-rpi-2712 #1 SMP PREEMPT Debian 1:6.6.62-1+rpt1 (2024-11-25) aarch64
[2024-12-25 15:37:35.363] [32739] [HailoRT] [info] [control.cpp:109] [control__parse_identify_results] firmware_version is: 4.19.0
[2024-12-25 15:37:35.365] [32739] [HailoRT] [info] [control.cpp:109] [control__parse_identify_results] firmware_version is: 4.19.0
[2024-12-25 15:40:23.941] [33042] [HailoRT] [info] [device.cpp:51] [Device] OS Version: Linux 6.6.62+rpt-rpi-2712 #1 SMP PREEMPT Debian 1:6.6.62-1+rpt1 (2024-11-25) aarch64
[2024-12-25 15:40:23.943] [33042] [HailoRT] [info] [control.cpp:109] [control__parse_identify_results] firmware_version is: 4.19.0
[2024-12-25 15:40:23.944] [33042] [HailoRT] [info] [control.cpp:109] [control__parse_identify_results] firmware_version is: 4.19.0
[2024-12-25 15:40:24.055] [33001] [HailoRT] [info] [device.cpp:51] [Device] OS Version: Linux 6.6.62+rpt-rpi-2712 #1 SMP PREEMPT Debian 1:6.6.62-1+rpt1 (2024-11-25) aarch64
[2024-12-25 15:40:24.063] [33001] [HailoRT] [info] [control.cpp:109] [control__parse_identify_results] firmware_version is: 4.19.0
[2024-12-25 15:40:24.086] [33001] [HailoRT] [error] [vdevice.cpp:835] [create_devices] CHECK failed - Failed to create vdevice. there are not enough free devices. requested: 1, found: 0
[2024-12-25 15:40:24.093] [33001] [HailoRT] [error] [vdevice.cpp:635] [create] CHECK_SUCCESS failed with status=HAILO_OUT_OF_PHYSICAL_DEVICES(74)
[2024-12-25 15:40:24.094] [33001] [HailoRT] [error] [shared_resource_manager.hpp:81] [register_resource] CHECK_SUCCESS failed with status=HAILO_OUT_OF_PHYSICAL_DEVICES(74)
[2024-12-25 15:40:24.094] [33001] [HailoRT] [error] [vdevice.cpp:138] [create] CHECK_SUCCESS failed with status=HAILO_OUT_OF_PHYSICAL_DEVICES(74)
[2024-12-25 15:40:24.096] [33001] [HailoRT] [error] [vdevice.cpp:558] [create] CHECK_SUCCESS failed with status=HAILO_OUT_OF_PHYSICAL_DEVICES(74)
[2024-12-25 15:41:02.734] [33132] [HailoRT] [info] [device.cpp:51] [Device] OS Version: Linux 6.6.62+rpt-rpi-2712 #1 SMP PREEMPT Debian 1:6.6.62-1+rpt1 (2024-11-25) aarch64
[2024-12-25 15:41:02.742] [33132] [HailoRT] [info] [control.cpp:109] [control__parse_identify_results] firmware_version is: 4.19.0
[2024-12-25 15:41:02.748] [33132] [HailoRT] [info] [control.cpp:109] [control__parse_identify_results] firmware_version is: 4.19.0
[2024-12-25 15:41:02.880] [33092] [HailoRT] [info] [device.cpp:51] [Device] OS Version: Linux 6.6.62+rpt-rpi-2712 #1 SMP PREEMPT Debian 1:6.6.62-1+rpt1 (2024-11-25) aarch64
[2024-12-25 15:41:02.899] [33092] [HailoRT] [info] [control.cpp:109] [control__parse_identify_results] firmware_version is: 4.19.0
[2024-12-25 15:41:02.946] [33092] [HailoRT] [error] [vdevice.cpp:835] [create_devices] CHECK failed - Failed to create vdevice. there are not enough free devices. requested: 1, found: 0
[2024-12-25 15:41:02.946] [33092] [HailoRT] [error] [vdevice.cpp:635] [create] CHECK_SUCCESS failed with status=HAILO_OUT_OF_PHYSICAL_DEVICES(74)
[2024-12-25 15:41:02.946] [33092] [HailoRT] [error] [shared_resource_manager.hpp:81] [register_resource] CHECK_SUCCESS failed with status=HAILO_OUT_OF_PHYSICAL_DEVICES(74)
[2024-12-25 15:41:02.947] [33092] [HailoRT] [error] [vdevice.cpp:138] [create] CHECK_SUCCESS failed with status=HAILO_OUT_OF_PHYSICAL_DEVICES(74)
[2024-12-25 15:41:02.947] [33092] [HailoRT] [error] [vdevice.cpp:558] [create] CHECK_SUCCESS failed with status=HAILO_OUT_OF_PHYSICAL_DEVICES(74)
[2024-12-25 15:43:54.269] [2379] [HailoRT] [info] [device.cpp:51] [Device] OS Version: Linux 6.6.62+rpt-rpi-2712 #1 SMP PREEMPT Debian 1:6.6.62-1+rpt1 (2024-11-25) aarch64
[2024-12-25 15:43:54.271] [2379] [HailoRT] [info] [control.cpp:109] [control__parse_identify_results] firmware_version is: 4.19.0
[2024-12-25 15:43:54.272] [2379] [HailoRT] [info] [control.cpp:109] [control__parse_identify_results] firmware_version is: 4.19.0
[2024-12-25 15:44:07.365] [2452] [HailoRT] [info] [device.cpp:51] [Device] OS Version: Linux 6.6.62+rpt-rpi-2712 #1 SMP PREEMPT Debian 1:6.6.62-1+rpt1 (2024-11-25) aarch64
[2024-12-25 15:44:07.368] [2452] [HailoRT] [info] [control.cpp:109] [control__parse_identify_results] firmware_version is: 4.19.0
[2024-12-25 15:44:07.370] [2452] [HailoRT] [info] [control.cpp:109] [control__parse_identify_results] firmware_version is: 4.19.0
[2024-12-25 15:44:55.451] [2577] [HailoRT] [info] [device.cpp:51] [Device] OS Version: Linux 6.6.62+rpt-rpi-2712 #1 SMP PREEMPT Debian 1:6.6.62-1+rpt1 (2024-11-25) aarch64
[2024-12-25 15:44:55.453] [2577] [HailoRT] [info] [control.cpp:109] [control__parse_identify_results] firmware_version is: 4.19.0
[2024-12-25 15:44:55.454] [2577] [HailoRT] [info] [control.cpp:109] [control__parse_identify_results] firmware_version is: 4.19.0
[2024-12-25 15:44:55.532] [2552] [HailoRT] [info] [device.cpp:51] [Device] OS Version: Linux 6.6.62+rpt-rpi-2712 #1 SMP PREEMPT Debian 1:6.6.62-1+rpt1 (2024-11-25) aarch64
[2024-12-25 15:44:55.534] [2552] [HailoRT] [info] [control.cpp:109] [control__parse_identify_results] firmware_version is: 4.19.0
[2024-12-25 15:44:55.565] [2552] [HailoRT] [error] [vdevice.cpp:835] [create_devices] CHECK failed - Failed to create vdevice. there are not enough free devices. requested: 1, found: 0
[2024-12-25 15:44:55.567] [2552] [HailoRT] [error] [vdevice.cpp:635] [create] CHECK_SUCCESS failed with status=HAILO_OUT_OF_PHYSICAL_DEVICES(74)
[2024-12-25 15:44:55.567] [2552] [HailoRT] [error] [shared_resource_manager.hpp:81] [register_resource] CHECK_SUCCESS failed with status=HAILO_OUT_OF_PHYSICAL_DEVICES(74)
[2024-12-25 15:44:55.568] [2552] [HailoRT] [error] [vdevice.cpp:138] [create] CHECK_SUCCESS failed with status=HAILO_OUT_OF_PHYSICAL_DEVICES(74)
[2024-12-25 15:44:55.569] [2552] [HailoRT] [error] [vdevice.cpp:558] [create] CHECK_SUCCESS failed with status=HAILO_OUT_OF_PHYSICAL_DEVICES(74)
[2024-12-25 15:45:09.454] [2675] [HailoRT] [info] [device.cpp:51] [Device] OS Version: Linux 6.6.62+rpt-rpi-2712 #1 SMP PREEMPT Debian 1:6.6.62-1+rpt1 (2024-11-25) aarch64
[2024-12-25 15:45:09.456] [2675] [HailoRT] [info] [control.cpp:109] [control__parse_identify_results] firmware_version is: 4.19.0
[2024-12-25 15:45:09.461] [2675] [HailoRT] [info] [control.cpp:109] [control__parse_identify_results] firmware_version is: 4.19.0
[2024-12-25 15:45:09.527] [2637] [HailoRT] [info] [device.cpp:51] [Device] OS Version: Linux 6.6.62+rpt-rpi-2712 #1 SMP PREEMPT Debian 1:6.6.62-1+rpt1 (2024-11-25) aarch64
[2024-12-25 15:45:09.537] [2637] [HailoRT] [info] [control.cpp:109] [control__parse_identify_results] firmware_version is: 4.19.0
[2024-12-25 15:45:09.581] [2637] [HailoRT] [error] [vdevice.cpp:835] [create_devices] CHECK failed - Failed to create vdevice. there are not enough free devices. requested: 1, found: 0
[2024-12-25 15:45:09.581] [2637] [HailoRT] [error] [vdevice.cpp:635] [create] CHECK_SUCCESS failed with status=HAILO_OUT_OF_PHYSICAL_DEVICES(74)
[2024-12-25 15:45:09.582] [2637] [HailoRT] [error] [shared_resource_manager.hpp:81] [register_resource] CHECK_SUCCESS failed with status=HAILO_OUT_OF_PHYSICAL_DEVICES(74)
[2024-12-25 15:45:09.582] [2637] [HailoRT] [error] [vdevice.cpp:138] [create] CHECK_SUCCESS failed with status=HAILO_OUT_OF_PHYSICAL_DEVICES(74)
[2024-12-25 15:45:09.582] [2637] [HailoRT] [error] [vdevice.cpp:558] [create] CHECK_SUCCESS failed with status=HAILO_OUT_OF_PHYSICAL_DEVICES(74)
[2024-12-25 15:46:22.204] [2966] [HailoRT] [info] [device.cpp:51] [Device] OS Version: Linux 6.6.62+rpt-rpi-2712 #1 SMP PREEMPT Debian 1:6.6.62-1+rpt1 (2024-11-25) aarch64
[2024-12-25 15:46:22.205] [2966] [HailoRT] [info] [control.cpp:109] [control__parse_identify_results] firmware_version is: 4.19.0
[2024-12-25 15:46:22.207] [2966] [HailoRT] [info] [control.cpp:109] [control__parse_identify_results] firmware_version is: 4.19.0
[2024-12-25 15:50:05.065] [3324] [HailoRT] [info] [device.cpp:51] [Device] OS Version: Linux 6.6.62+rpt-rpi-2712 #1 SMP PREEMPT Debian 1:6.6.62-1+rpt1 (2024-11-25) aarch64
[2024-12-25 15:50:05.067] [3324] [HailoRT] [info] [control.cpp:109] [control__parse_identify_results] firmware_version is: 4.19.0
[2024-12-25 15:50:05.069] [3324] [HailoRT] [info] [control.cpp:109] [control__parse_identify_results] firmware_version is: 4.19.0
[2024-12-25 15:54:21.772] [3814] [HailoRT] [info] [device.cpp:51] [Device] OS Version: Linux 6.6.62+rpt-rpi-2712 #1 SMP PREEMPT Debian 1:6.6.62-1+rpt1 (2024-11-25) aarch64
[2024-12-25 15:54:21.775] [3814] [HailoRT] [info] [control.cpp:109] [control__parse_identify_results] firmware_version is: 4.19.0
[2024-12-25 15:54:21.776] [3814] [HailoRT] [info] [control.cpp:109] [control__parse_identify_results] firmware_version is: 4.19.0
[2024-12-25 15:54:21.881] [3774] [HailoRT] [info] [device.cpp:51] [Device] OS Version: Linux 6.6.62+rpt-rpi-2712 #1 SMP PREEMPT Debian 1:6.6.62-1+rpt1 (2024-11-25) aarch64
[2024-12-25 15:54:21.886] [3774] [HailoRT] [info] [control.cpp:109] [control__parse_identify_results] firmware_version is: 4.19.0
[2024-12-25 15:54:21.886] [3774] [HailoRT] [info] [vdevice.cpp:655] [create] VDevice Infos: 0000:01:00.0
[2024-12-25 15:54:22.035] [3774] [HailoRT] [info] [hef.cpp:1847] [get_network_group_and_network_name] No name was given. Addressing all networks of default network_group: model
[2024-12-25 15:54:22.035] [3774] [HailoRT] [info] [hef.cpp:1847] [get_network_group_and_network_name] No name was given. Addressing all networks of default network_group: model
[2024-12-25 15:54:34.682] [3931] [HailoRT] [info] [device.cpp:51] [Device] OS Version: Linux 6.6.62+rpt-rpi-2712 #1 SMP PREEMPT Debian 1:6.6.62-1+rpt1 (2024-11-25) aarch64
[2024-12-25 15:54:34.684] [3931] [HailoRT] [info] [control.cpp:109] [control__parse_identify_results] firmware_version is: 4.19.0
[2024-12-25 15:54:34.688] [3931] [HailoRT] [info] [control.cpp:109] [control__parse_identify_results] firmware_version is: 4.19.0
[2024-12-25 15:54:34.787] [3906] [HailoRT] [info] [device.cpp:51] [Device] OS Version: Linux 6.6.62+rpt-rpi-2712 #1 SMP PREEMPT Debian 1:6.6.62-1+rpt1 (2024-11-25) aarch64
[2024-12-25 15:54:34.792] [3906] [HailoRT] [info] [control.cpp:109] [control__parse_identify_results] firmware_version is: 4.19.0
[2024-12-25 15:54:34.793] [3906] [HailoRT] [info] [vdevice.cpp:655] [create] VDevice Infos: 0000:01:00.0
[2024-12-25 15:54:34.939] [3906] [HailoRT] [info] [hef.cpp:1847] [get_network_group_and_network_name] No name was given. Addressing all networks of default network_group: model
[2024-12-25 15:54:34.940] [3906] [HailoRT] [info] [hef.cpp:1847] [get_network_group_and_network_name] No name was given. Addressing all networks of default network_group: model
[2024-12-25 15:57:33.797] [4229] [HailoRT] [info] [device.cpp:51] [Device] OS Version: Linux 6.6.62+rpt-rpi-2712 #1 SMP PREEMPT Debian 1:6.6.62-1+rpt1 (2024-11-25) aarch64
[2024-12-25 15:57:33.799] [4229] [HailoRT] [info] [control.cpp:109] [control__parse_identify_results] firmware_version is: 4.19.0
[2024-12-25 15:57:33.800] [4229] [HailoRT] [info] [control.cpp:109] [control__parse_identify_results] firmware_version is: 4.19.0
[2024-12-25 15:57:33.900] [4200] [HailoRT] [info] [device.cpp:51] [Device] OS Version: Linux 6.6.62+rpt-rpi-2712 #1 SMP PREEMPT Debian 1:6.6.62-1+rpt1 (2024-11-25) aarch64
[2024-12-25 15:57:33.905] [4200] [HailoRT] [info] [control.cpp:109] [control__parse_identify_results] firmware_version is: 4.19.0
[2024-12-25 15:57:33.906] [4200] [HailoRT] [info] [vdevice.cpp:655] [create] VDevice Infos: 0000:01:00.0
[2024-12-25 15:57:34.059] [4200] [HailoRT] [info] [hef.cpp:1847] [get_network_group_and_network_name] No name was given. Addressing all networks of default network_group: model
[2024-12-25 15:57:34.059] [4200] [HailoRT] [info] [hef.cpp:1847] [get_network_group_and_network_name] No name was given. Addressing all networks of default network_group: model
[2024-12-25 15:58:11.090] [4372] [HailoRT] [info] [device.cpp:51] [Device] OS Version: Linux 6.6.62+rpt-rpi-2712 #1 SMP PREEMPT Debian 1:6.6.62-1+rpt1 (2024-11-25) aarch64
[2024-12-25 15:58:11.092] [4372] [HailoRT] [info] [control.cpp:109] [control__parse_identify_results] firmware_version is: 4.19.0
[2024-12-25 15:58:11.094] [4372] [HailoRT] [info] [control.cpp:109] [control__parse_identify_results] firmware_version is: 4.19.0
[2024-12-25 15:58:11.198] [4328] [HailoRT] [info] [device.cpp:51] [Device] OS Version: Linux 6.6.62+rpt-rpi-2712 #1 SMP PREEMPT Debian 1:6.6.62-1+rpt1 (2024-11-25) aarch64
[2024-12-25 15:58:11.201] [4328] [HailoRT] [info] [control.cpp:109] [control__parse_identify_results] firmware_version is: 4.19.0
[2024-12-25 15:58:11.201] [4328] [HailoRT] [info] [vdevice.cpp:655] [create] VDevice Infos: 0000:01:00.0
[2024-12-25 15:58:11.365] [4328] [HailoRT] [info] [hef.cpp:1847] [get_network_group_and_network_name] No name was given. Addressing all networks of default network_group: model
[2024-12-25 15:58:11.365] [4328] [HailoRT] [info] [hef.cpp:1847] [get_network_group_and_network_name] No name was given. Addressing all networks of default network_group: model
[2024-12-25 16:01:08.337] [4726] [HailoRT] [info] [device.cpp:51] [Device] OS Version: Linux 6.6.62+rpt-rpi-2712 #1 SMP PREEMPT Debian 1:6.6.62-1+rpt1 (2024-11-25) aarch64
[2024-12-25 16:01:08.340] [4726] [HailoRT] [info] [control.cpp:109] [control__parse_identify_results] firmware_version is: 4.19.0
[2024-12-25 16:01:08.342] [4726] [HailoRT] [info] [control.cpp:109] [control__parse_identify_results] firmware_version is: 4.19.0
[2024-12-25 16:01:08.447] [4686] [HailoRT] [info] [device.cpp:51] [Device] OS Version: Linux 6.6.62+rpt-rpi-2712 #1 SMP PREEMPT Debian 1:6.6.62-1+rpt1 (2024-11-25) aarch64
[2024-12-25 16:01:08.451] [4686] [HailoRT] [info] [control.cpp:109] [control__parse_identify_results] firmware_version is: 4.19.0
[2024-12-25 16:01:08.451] [4686] [HailoRT] [info] [vdevice.cpp:655] [create] VDevice Infos: 0000:01:00.0
[2024-12-25 16:01:08.609] [4686] [HailoRT] [info] [hef.cpp:1847] [get_network_group_and_network_name] No name was given. Addressing all networks of default network_group: model
[2024-12-25 16:01:08.610] [4686] [HailoRT] [info] [hef.cpp:1847] [get_network_group_and_network_name] No name was given. Addressing all networks of default network_group: model
[2024-12-25 16:02:57.597] [4957] [HailoRT] [info] [device.cpp:51] [Device] OS Version: Linux 6.6.62+rpt-rpi-2712 #1 SMP PREEMPT Debian 1:6.6.62-1+rpt1 (2024-11-25) aarch64
[2024-12-25 16:02:57.600] [4957] [HailoRT] [info] [control.cpp:109] [control__parse_identify_results] firmware_version is: 4.19.0
[2024-12-25 16:02:57.604] [4957] [HailoRT] [info] [control.cpp:109] [control__parse_identify_results] firmware_version is: 4.19.0
[2024-12-25 16:02:57.713] [4920] [HailoRT] [info] [device.cpp:51] [Device] OS Version: Linux 6.6.62+rpt-rpi-2712 #1 SMP PREEMPT Debian 1:6.6.62-1+rpt1 (2024-11-25) aarch64
[2024-12-25 16:02:57.715] [4920] [HailoRT] [info] [control.cpp:109] [control__parse_identify_results] firmware_version is: 4.19.0
[2024-12-25 16:02:57.715] [4920] [HailoRT] [info] [vdevice.cpp:655] [create] VDevice Infos: 0000:01:00.0
[2024-12-25 16:02:57.852] [4920] [HailoRT] [info] [hef.cpp:1847] [get_network_group_and_network_name] No name was given. Addressing all networks of default network_group: model
[2024-12-25 16:02:57.852] [4920] [HailoRT] [info] [hef.cpp:1847] [get_network_group_and_network_name] No name was given. Addressing all networks of default network_group: model
[2024-12-25 16:04:19.217] [5279] [HailoRT] [info] [device.cpp:51] [Device] OS Version: Linux 6.6.62+rpt-rpi-2712 #1 SMP PREEMPT Debian 1:6.6.62-1+rpt1 (2024-11-25) aarch64
[2024-12-25 16:04:19.219] [5279] [HailoRT] [info] [control.cpp:109] [control__parse_identify_results] firmware_version is: 4.19.0
[2024-12-25 16:04:19.223] [5279] [HailoRT] [info] [control.cpp:109] [control__parse_identify_results] firmware_version is: 4.19.0
[2024-12-25 16:04:52.101] [5448] [HailoRT] [info] [device.cpp:51] [Device] OS Version: Linux 6.6.62+rpt-rpi-2712 #1 SMP PREEMPT Debian 1:6.6.62-1+rpt1 (2024-11-25) aarch64
[2024-12-25 16:04:52.104] [5448] [HailoRT] [info] [control.cpp:109] [control__parse_identify_results] firmware_version is: 4.19.0
[2024-12-25 16:04:52.105] [5448] [HailoRT] [info] [control.cpp:109] [control__parse_identify_results] firmware_version is: 4.19.0
[2024-12-25 16:05:10.300] [5546] [HailoRT] [info] [device.cpp:51] [Device] OS Version: Linux 6.6.62+rpt-rpi-2712 #1 SMP PREEMPT Debian 1:6.6.62-1+rpt1 (2024-11-25) aarch64
[2024-12-25 16:05:10.302] [5546] [HailoRT] [info] [control.cpp:109] [control__parse_identify_results] firmware_version is: 4.19.0
[2024-12-25 16:05:10.305] [5546] [HailoRT] [info] [control.cpp:109] [control__parse_identify_results] firmware_version is: 4.19.0
[2024-12-25 16:07:43.296] [5851] [HailoRT] [info] [device.cpp:51] [Device] OS Version: Linux 6.6.62+rpt-rpi-2712 #1 SMP PREEMPT Debian 1:6.6.62-1+rpt1 (2024-11-25) aarch64
[2024-12-25 16:07:43.298] [5851] [HailoRT] [info] [control.cpp:109] [control__parse_identify_results] firmware_version is: 4.19.0
[2024-12-25 16:07:43.303] [5851] [HailoRT] [info] [control.cpp:109] [control__parse_identify_results] firmware_version is: 4.19.0
[2024-12-25 16:24:37.294] [6406] [HailoRT] [info] [device.cpp:51] [Device] OS Version: Linux 6.6.62+rpt-rpi-2712 #1 SMP PREEMPT Debian 1:6.6.62-1+rpt1 (2024-11-25) aarch64
[2024-12-25 16:24:37.303] [6406] [HailoRT] [info] [control.cpp:109] [control__parse_identify_results] firmware_version is: 4.19.0
[2024-12-25 16:24:37.305] [6406] [HailoRT] [info] [control.cpp:109] [control__parse_identify_results] firmware_version is: 4.19.0
[2024-12-25 16:24:50.975] [6494] [HailoRT] [info] [device.cpp:51] [Device] OS Version: Linux 6.6.62+rpt-rpi-2712 #1 SMP PREEMPT Debian 1:6.6.62-1+rpt1 (2024-11-25) aarch64
[2024-12-25 16:24:50.977] [6494] [HailoRT] [info] [control.cpp:109] [control__parse_identify_results] firmware_version is: 4.19.0
[2024-12-25 16:24:50.979] [6494] [HailoRT] [info] [control.cpp:109] [control__parse_identify_results] firmware_version is: 4.19.0
[2024-12-25 16:25:47.311] [6653] [HailoRT] [info] [device.cpp:51] [Device] OS Version: Linux 6.6.62+rpt-rpi-2712 #1 SMP PREEMPT Debian 1:6.6.62-1+rpt1 (2024-11-25) aarch64
[2024-12-25 16:25:47.312] [6653] [HailoRT] [info] [control.cpp:109] [control__parse_identify_results] firmware_version is: 4.19.0
[2024-12-25 16:25:47.313] [6653] [HailoRT] [info] [control.cpp:109] [control__parse_identify_results] firmware_version is: 4.19.0
[2024-12-25 16:26:00.343] [6741] [HailoRT] [info] [device.cpp:51] [Device] OS Version: Linux 6.6.62+rpt-rpi-2712 #1 SMP PREEMPT Debian 1:6.6.62-1+rpt1 (2024-11-25) aarch64
[2024-12-25 16:26:00.344] [6741] [HailoRT] [info] [control.cpp:109] [control__parse_identify_results] firmware_version is: 4.19.0
[2024-12-25 16:26:00.345] [6741] [HailoRT] [info] [control.cpp:109] [control__parse_identify_results] firmware_version is: 4.19.0
[2024-12-25 16:26:36.006] [6854] [HailoRT] [info] [device.cpp:51] [Device] OS Version: Linux 6.6.62+rpt-rpi-2712 #1 SMP PREEMPT Debian 1:6.6.62-1+rpt1 (2024-11-25) aarch64
[2024-12-25 16:26:36.007] [6854] [HailoRT] [info] [control.cpp:109] [control__parse_identify_results] firmware_version is: 4.19.0
[2024-12-25 16:26:36.008] [6854] [HailoRT] [info] [control.cpp:109] [control__parse_identify_results] firmware_version is: 4.19.0
[2024-12-25 16:26:46.231] [6940] [HailoRT] [info] [device.cpp:51] [Device] OS Version: Linux 6.6.62+rpt-rpi-2712 #1 SMP PREEMPT Debian 1:6.6.62-1+rpt1 (2024-11-25) aarch64
[2024-12-25 16:26:46.232] [6940] [HailoRT] [info] [control.cpp:109] [control__parse_identify_results] firmware_version is: 4.19.0
[2024-12-25 16:26:46.233] [6940] [HailoRT] [info] [control.cpp:109] [control__parse_identify_results] firmware_version is: 4.19.0
[2024-12-25 16:27:13.658] [7063] [HailoRT] [info] [device.cpp:51] [Device] OS Version: Linux 6.6.62+rpt-rpi-2712 #1 SMP PREEMPT Debian 1:6.6.62-1+rpt1 (2024-11-25) aarch64
[2024-12-25 16:27:13.659] [7063] [HailoRT] [info] [control.cpp:109] [control__parse_identify_results] firmware_version is: 4.19.0
[2024-12-25 16:27:13.660] [7063] [HailoRT] [info] [control.cpp:109] [control__parse_identify_results] firmware_version is: 4.19.0
[2024-12-25 16:28:33.737] [7453] [HailoRT] [info] [device.cpp:51] [Device] OS Version: Linux 6.6.62+rpt-rpi-2712 #1 SMP PREEMPT Debian 1:6.6.62-1+rpt1 (2024-11-25) aarch64
[2024-12-25 16:28:33.738] [7453] [HailoRT] [info] [control.cpp:109] [control__parse_identify_results] firmware_version is: 4.19.0
[2024-12-25 16:28:33.740] [7453] [HailoRT] [info] [control.cpp:109] [control__parse_identify_results] firmware_version is: 4.19.0
>>>>>>> Stashed changes
[2024-12-25 18:37:50.226] [6832] [HailoRT] [info] [device.cpp:51] [Device] OS Version: Linux 6.6.62+rpt-rpi-2712 #1 SMP PREEMPT Debian 1:6.6.62-1+rpt1 (2024-11-25) aarch64
[2024-12-25 18:37:50.227] [6832] [HailoRT] [info] [control.cpp:109] [control__parse_identify_results] firmware_version is: 4.19.0
[2024-12-25 18:37:50.228] [6832] [HailoRT] [info] [control.cpp:109] [control__parse_identify_results] firmware_version is: 4.19.0
